<?xml version="1.0" encoding="UTF-8"?>
<!-- Generated by org.testng.reporters.JUnitXMLReporter -->
<testsuite ignored="0" hostname="LAPTOP-TTSTS7QO" failures="0" tests="5" name="Test" time="24.199" errors="0" timestamp="2024-10-15T21:29:48 IST">
  <testcase classname="TestCases.LoginTest" name="login" time="4.171"/>
  <testcase classname="TestCases.LoginTest" name="login" time="3.283"/>
  <testcase classname="TestCases.LoginTest" name="login" time="2.248"/>
  <testcase classname="TestCases.LoginTest" name="login" time="3.127"/>
  <testcase classname="TestCases.LoginTest" name="login" time="2.617"/>
</testsuite> <!-- Test -->
