<?xml version="1.0" encoding="UTF-8"?>
<!-- Generated by org.testng.reporters.JUnitXMLReporter -->
<testsuite ignored="0" hostname="LAPTOP-TTSTS7QO" failures="0" tests="5" name="Test" time="19.743" errors="0" timestamp="2024-10-14T22:44:57 IST">
  <testcase classname="TestCases.LoginTest" name="login" time="3.217"/>
  <testcase classname="TestCases.LoginTest" name="login" time="2.639"/>
  <testcase classname="TestCases.LoginTest" name="login" time="2.33"/>
  <testcase classname="TestCases.LoginTest" name="login" time="3.175"/>
  <testcase classname="TestCases.LoginTest" name="login" time="2.604"/>
</testsuite> <!-- Test -->
