<?xml version="1.0" encoding="UTF-8"?>
<testng-results ignored="0" total="5" passed="5" failed="0" skipped="0">
  <reporter-output>
  </reporter-output>
  <suite started-at="2024-10-14T22:44:37 IST" name="Suite" finished-at="2024-10-14T22:44:57 IST" duration-ms="19743">
    <groups>
    </groups>
    <test started-at="2024-10-14T22:44:37 IST" name="Test" finished-at="2024-10-14T22:44:57 IST" duration-ms="19743">
      <class name="TestCases.LoginTest">
        <test-method is-config="true" signature="setupreport()[pri:0, instance:TestCases.LoginTest@2611b9a3]" started-at="2024-10-14T22:44:37 IST" name="setupreport" finished-at="2024-10-14T22:44:38 IST" duration-ms="131" status="PASS">
          <reporter-output>
          </reporter-output>
        </test-method> <!-- setupreport -->
        <test-method is-config="true" signature="setup(java.lang.String)[pri:0, instance:TestCases.LoginTest@2611b9a3]" started-at="2024-10-14T22:44:38 IST" name="setup" finished-at="2024-10-14T22:44:41 IST" duration-ms="3944" status="PASS">
          <params>
            <param index="0">
              <value>
                <![CDATA[chrome]]>
              </value>
            </param>
          </params>
          <reporter-output>
          </reporter-output>
        </test-method> <!-- setup -->
        <test-method is-config="true" signature="beforeMethod()[pri:0, instance:TestCases.LoginTest@2611b9a3]" started-at="2024-10-14T22:44:42 IST" name="beforeMethod" finished-at="2024-10-14T22:44:42 IST" duration-ms="0" status="PASS">
          <reporter-output>
          </reporter-output>
        </test-method> <!-- beforeMethod -->
        <test-method signature="login(java.lang.String,java.lang.String)[pri:0, instance:TestCases.LoginTest@2611b9a3]" started-at="2024-10-14T22:44:42 IST" name="login" data-provider="logindata" finished-at="2024-10-14T22:44:45 IST" duration-ms="3217" status="PASS">
          <params>
            <param index="0">
              <value>
                <![CDATA[Admin]]>
              </value>
            </param>
            <param index="1">
              <value>
                <![CDATA[admin123]]>
              </value>
            </param>
          </params>
          <reporter-output>
          </reporter-output>
        </test-method> <!-- login -->
        <test-method is-config="true" signature="tearDownMethod(org.testng.ITestResult)[pri:0, instance:TestCases.LoginTest@2611b9a3]" started-at="2024-10-14T22:44:45 IST" name="tearDownMethod" finished-at="2024-10-14T22:44:45 IST" duration-ms="1" status="PASS">
          <params>
            <param index="0">
              <value>
                <![CDATA[[TestResult name=login status=SUCCESS method=LoginTest.login(java.lang.String,java.lang.String)[pri:0, instance:TestCases.LoginTest@2611b9a3] output={null}]]]>
              </value>
            </param>
          </params>
          <reporter-output>
          </reporter-output>
        </test-method> <!-- tearDownMethod -->
        <test-method signature="login(java.lang.String,java.lang.String)[pri:0, instance:TestCases.LoginTest@2611b9a3]" started-at="2024-10-14T22:44:45 IST" name="login" data-provider="logindata" finished-at="2024-10-14T22:44:48 IST" duration-ms="2639" status="PASS">
          <params>
            <param index="0">
              <value>
                <![CDATA[Mythilii]]>
              </value>
            </param>
            <param index="1">
              <value>
                <![CDATA[admin123]]>
              </value>
            </param>
          </params>
          <reporter-output>
          </reporter-output>
        </test-method> <!-- login -->
        <test-method is-config="true" signature="beforeMethod()[pri:0, instance:TestCases.LoginTest@2611b9a3]" started-at="2024-10-14T22:44:45 IST" name="beforeMethod" finished-at="2024-10-14T22:44:45 IST" duration-ms="0" status="PASS">
          <reporter-output>
          </reporter-output>
        </test-method> <!-- beforeMethod -->
        <test-method signature="login(java.lang.String,java.lang.String)[pri:0, instance:TestCases.LoginTest@2611b9a3]" started-at="2024-10-14T22:44:48 IST" name="login" data-provider="logindata" finished-at="2024-10-14T22:44:50 IST" duration-ms="2330" status="PASS">
          <params>
            <param index="0">
              <value>
                <![CDATA[Veera]]>
              </value>
            </param>
            <param index="1">
              <value>
                <![CDATA[Veera234]]>
              </value>
            </param>
          </params>
          <reporter-output>
          </reporter-output>
        </test-method> <!-- login -->
        <test-method is-config="true" signature="beforeMethod()[pri:0, instance:TestCases.LoginTest@2611b9a3]" started-at="2024-10-14T22:44:48 IST" name="beforeMethod" finished-at="2024-10-14T22:44:48 IST" duration-ms="0" status="PASS">
          <reporter-output>
          </reporter-output>
        </test-method> <!-- beforeMethod -->
        <test-method is-config="true" signature="tearDownMethod(org.testng.ITestResult)[pri:0, instance:TestCases.LoginTest@2611b9a3]" started-at="2024-10-14T22:44:48 IST" name="tearDownMethod" finished-at="2024-10-14T22:44:48 IST" duration-ms="0" status="PASS">
          <params>
            <param index="0">
              <value>
                <![CDATA[[TestResult name=login status=SUCCESS method=LoginTest.login(java.lang.String,java.lang.String)[pri:0, instance:TestCases.LoginTest@2611b9a3] output={null}]]]>
              </value>
            </param>
          </params>
          <reporter-output>
          </reporter-output>
        </test-method> <!-- tearDownMethod -->
        <test-method signature="login(java.lang.String,java.lang.String)[pri:0, instance:TestCases.LoginTest@2611b9a3]" started-at="2024-10-14T22:44:50 IST" name="login" data-provider="logindata" finished-at="2024-10-14T22:44:54 IST" duration-ms="3175" status="PASS">
          <params>
            <param index="0">
              <value>
                <![CDATA[Admin]]>
              </value>
            </param>
            <param index="1">
              <value>
                <![CDATA[admin123]]>
              </value>
            </param>
          </params>
          <reporter-output>
          </reporter-output>
        </test-method> <!-- login -->
        <test-method is-config="true" signature="beforeMethod()[pri:0, instance:TestCases.LoginTest@2611b9a3]" started-at="2024-10-14T22:44:50 IST" name="beforeMethod" finished-at="2024-10-14T22:44:50 IST" duration-ms="0" status="PASS">
          <reporter-output>
          </reporter-output>
        </test-method> <!-- beforeMethod -->
        <test-method is-config="true" signature="tearDownMethod(org.testng.ITestResult)[pri:0, instance:TestCases.LoginTest@2611b9a3]" started-at="2024-10-14T22:44:50 IST" name="tearDownMethod" finished-at="2024-10-14T22:44:50 IST" duration-ms="0" status="PASS">
          <params>
            <param index="0">
              <value>
                <![CDATA[[TestResult name=login status=SUCCESS method=LoginTest.login(java.lang.String,java.lang.String)[pri:0, instance:TestCases.LoginTest@2611b9a3] output={null}]]]>
              </value>
            </param>
          </params>
          <reporter-output>
          </reporter-output>
        </test-method> <!-- tearDownMethod -->
        <test-method is-config="true" signature="tearDownMethod(org.testng.ITestResult)[pri:0, instance:TestCases.LoginTest@2611b9a3]" started-at="2024-10-14T22:44:54 IST" name="tearDownMethod" finished-at="2024-10-14T22:44:54 IST" duration-ms="1" status="PASS">
          <params>
            <param index="0">
              <value>
                <![CDATA[[TestResult name=login status=SUCCESS method=LoginTest.login(java.lang.String,java.lang.String)[pri:0, instance:TestCases.LoginTest@2611b9a3] output={null}]]]>
              </value>
            </param>
          </params>
          <reporter-output>
          </reporter-output>
        </test-method> <!-- tearDownMethod -->
        <test-method is-config="true" signature="beforeMethod()[pri:0, instance:TestCases.LoginTest@2611b9a3]" started-at="2024-10-14T22:44:54 IST" name="beforeMethod" finished-at="2024-10-14T22:44:54 IST" duration-ms="1" status="PASS">
          <reporter-output>
          </reporter-output>
        </test-method> <!-- beforeMethod -->
        <test-method signature="login(java.lang.String,java.lang.String)[pri:0, instance:TestCases.LoginTest@2611b9a3]" started-at="2024-10-14T22:44:54 IST" name="login" data-provider="logindata" finished-at="2024-10-14T22:44:56 IST" duration-ms="2604" status="PASS">
          <params>
            <param index="0">
              <value>
                <![CDATA[Tarun]]>
              </value>
            </param>
            <param index="1">
              <value>
                <![CDATA[Taru 456]]>
              </value>
            </param>
          </params>
          <reporter-output>
          </reporter-output>
        </test-method> <!-- login -->
        <test-method is-config="true" signature="teardown()[pri:0, instance:TestCases.LoginTest@2611b9a3]" started-at="2024-10-14T22:44:56 IST" name="teardown" finished-at="2024-10-14T22:44:57 IST" duration-ms="463" status="PASS">
          <reporter-output>
          </reporter-output>
        </test-method> <!-- teardown -->
        <test-method is-config="true" signature="tearDownMethod(org.testng.ITestResult)[pri:0, instance:TestCases.LoginTest@2611b9a3]" started-at="2024-10-14T22:44:56 IST" name="tearDownMethod" finished-at="2024-10-14T22:44:56 IST" duration-ms="0" status="PASS">
          <params>
            <param index="0">
              <value>
                <![CDATA[[TestResult name=login status=SUCCESS method=LoginTest.login(java.lang.String,java.lang.String)[pri:0, instance:TestCases.LoginTest@2611b9a3] output={null}]]]>
              </value>
            </param>
          </params>
          <reporter-output>
          </reporter-output>
        </test-method> <!-- tearDownMethod -->
        <test-method is-config="true" signature="aftertest()[pri:0, instance:TestCases.LoginTest@2611b9a3]" started-at="2024-10-14T22:44:57 IST" name="aftertest" finished-at="2024-10-14T22:44:57 IST" duration-ms="547" status="PASS">
          <reporter-output>
          </reporter-output>
        </test-method> <!-- aftertest -->
      </class> <!-- TestCases.LoginTest -->
    </test> <!-- Test -->
  </suite> <!-- Suite -->
</testng-results>
