<?xml version="1.0" encoding="UTF-8"?>
<testng-results ignored="0" total="5" passed="5" failed="0" skipped="0">
  <reporter-output>
  </reporter-output>
  <suite started-at="2024-10-15T21:29:24 IST" name="Suite" finished-at="2024-10-15T21:29:48 IST" duration-ms="24199">
    <groups>
    </groups>
    <test started-at="2024-10-15T21:29:24 IST" name="Test" finished-at="2024-10-15T21:29:48 IST" duration-ms="24199">
      <class name="TestCases.LoginTest">
        <test-method is-config="true" signature="setupreport()[pri:0, instance:TestCases.LoginTest@2d710f1a]" started-at="2024-10-15T21:29:24 IST" name="setupreport" finished-at="2024-10-15T21:29:24 IST" duration-ms="209" status="PASS">
          <reporter-output>
          </reporter-output>
        </test-method> <!-- setupreport -->
        <test-method is-config="true" signature="setup(java.lang.String)[pri:0, instance:TestCases.LoginTest@2d710f1a]" started-at="2024-10-15T21:29:24 IST" name="setup" finished-at="2024-10-15T21:29:31 IST" duration-ms="6670" status="PASS">
          <params>
            <param index="0">
              <value>
                <![CDATA[chrome]]>
              </value>
            </param>
          </params>
          <reporter-output>
          </reporter-output>
        </test-method> <!-- setup -->
        <test-method is-config="true" signature="beforeMethod()[pri:0, instance:TestCases.LoginTest@2d710f1a]" started-at="2024-10-15T21:29:32 IST" name="beforeMethod" finished-at="2024-10-15T21:29:32 IST" duration-ms="0" status="PASS">
          <reporter-output>
          </reporter-output>
        </test-method> <!-- beforeMethod -->
        <test-method signature="login(java.lang.String,java.lang.String)[pri:0, instance:TestCases.LoginTest@2d710f1a]" started-at="2024-10-15T21:29:32 IST" name="login" data-provider="logindata" finished-at="2024-10-15T21:29:36 IST" duration-ms="4171" status="PASS">
          <params>
            <param index="0">
              <value>
                <![CDATA[Admin]]>
              </value>
            </param>
            <param index="1">
              <value>
                <![CDATA[admin123]]>
              </value>
            </param>
          </params>
          <reporter-output>
          </reporter-output>
        </test-method> <!-- login -->
        <test-method is-config="true" signature="tearDownMethod(org.testng.ITestResult)[pri:0, instance:TestCases.LoginTest@2d710f1a]" started-at="2024-10-15T21:29:36 IST" name="tearDownMethod" finished-at="2024-10-15T21:29:36 IST" duration-ms="1" status="PASS">
          <params>
            <param index="0">
              <value>
                <![CDATA[[TestResult name=login status=SUCCESS method=LoginTest.login(java.lang.String,java.lang.String)[pri:0, instance:TestCases.LoginTest@2d710f1a] output={null}]]]>
              </value>
            </param>
          </params>
          <reporter-output>
          </reporter-output>
        </test-method> <!-- tearDownMethod -->
        <test-method is-config="true" signature="beforeMethod()[pri:0, instance:TestCases.LoginTest@2d710f1a]" started-at="2024-10-15T21:29:36 IST" name="beforeMethod" finished-at="2024-10-15T21:29:36 IST" duration-ms="0" status="PASS">
          <reporter-output>
          </reporter-output>
        </test-method> <!-- beforeMethod -->
        <test-method signature="login(java.lang.String,java.lang.String)[pri:0, instance:TestCases.LoginTest@2d710f1a]" started-at="2024-10-15T21:29:36 IST" name="login" data-provider="logindata" finished-at="2024-10-15T21:29:39 IST" duration-ms="3283" status="PASS">
          <params>
            <param index="0">
              <value>
                <![CDATA[Mythilii]]>
              </value>
            </param>
            <param index="1">
              <value>
                <![CDATA[admin123]]>
              </value>
            </param>
          </params>
          <reporter-output>
          </reporter-output>
        </test-method> <!-- login -->
        <test-method is-config="true" signature="beforeMethod()[pri:0, instance:TestCases.LoginTest@2d710f1a]" started-at="2024-10-15T21:29:39 IST" name="beforeMethod" finished-at="2024-10-15T21:29:39 IST" duration-ms="0" status="PASS">
          <reporter-output>
          </reporter-output>
        </test-method> <!-- beforeMethod -->
        <test-method is-config="true" signature="tearDownMethod(org.testng.ITestResult)[pri:0, instance:TestCases.LoginTest@2d710f1a]" started-at="2024-10-15T21:29:39 IST" name="tearDownMethod" finished-at="2024-10-15T21:29:39 IST" duration-ms="0" status="PASS">
          <params>
            <param index="0">
              <value>
                <![CDATA[[TestResult name=login status=SUCCESS method=LoginTest.login(java.lang.String,java.lang.String)[pri:0, instance:TestCases.LoginTest@2d710f1a] output={null}]]]>
              </value>
            </param>
          </params>
          <reporter-output>
          </reporter-output>
        </test-method> <!-- tearDownMethod -->
        <test-method signature="login(java.lang.String,java.lang.String)[pri:0, instance:TestCases.LoginTest@2d710f1a]" started-at="2024-10-15T21:29:39 IST" name="login" data-provider="logindata" finished-at="2024-10-15T21:29:41 IST" duration-ms="2248" status="PASS">
          <params>
            <param index="0">
              <value>
                <![CDATA[Veera]]>
              </value>
            </param>
            <param index="1">
              <value>
                <![CDATA[Veera234]]>
              </value>
            </param>
          </params>
          <reporter-output>
          </reporter-output>
        </test-method> <!-- login -->
        <test-method is-config="true" signature="tearDownMethod(org.testng.ITestResult)[pri:0, instance:TestCases.LoginTest@2d710f1a]" started-at="2024-10-15T21:29:41 IST" name="tearDownMethod" finished-at="2024-10-15T21:29:41 IST" duration-ms="1" status="PASS">
          <params>
            <param index="0">
              <value>
                <![CDATA[[TestResult name=login status=SUCCESS method=LoginTest.login(java.lang.String,java.lang.String)[pri:0, instance:TestCases.LoginTest@2d710f1a] output={null}]]]>
              </value>
            </param>
          </params>
          <reporter-output>
          </reporter-output>
        </test-method> <!-- tearDownMethod -->
        <test-method signature="login(java.lang.String,java.lang.String)[pri:0, instance:TestCases.LoginTest@2d710f1a]" started-at="2024-10-15T21:29:41 IST" name="login" data-provider="logindata" finished-at="2024-10-15T21:29:44 IST" duration-ms="3127" status="PASS">
          <params>
            <param index="0">
              <value>
                <![CDATA[Admin]]>
              </value>
            </param>
            <param index="1">
              <value>
                <![CDATA[admin123]]>
              </value>
            </param>
          </params>
          <reporter-output>
          </reporter-output>
        </test-method> <!-- login -->
        <test-method is-config="true" signature="beforeMethod()[pri:0, instance:TestCases.LoginTest@2d710f1a]" started-at="2024-10-15T21:29:41 IST" name="beforeMethod" finished-at="2024-10-15T21:29:41 IST" duration-ms="0" status="PASS">
          <reporter-output>
          </reporter-output>
        </test-method> <!-- beforeMethod -->
        <test-method is-config="true" signature="tearDownMethod(org.testng.ITestResult)[pri:0, instance:TestCases.LoginTest@2d710f1a]" started-at="2024-10-15T21:29:44 IST" name="tearDownMethod" finished-at="2024-10-15T21:29:44 IST" duration-ms="0" status="PASS">
          <params>
            <param index="0">
              <value>
                <![CDATA[[TestResult name=login status=SUCCESS method=LoginTest.login(java.lang.String,java.lang.String)[pri:0, instance:TestCases.LoginTest@2d710f1a] output={null}]]]>
              </value>
            </param>
          </params>
          <reporter-output>
          </reporter-output>
        </test-method> <!-- tearDownMethod -->
        <test-method is-config="true" signature="beforeMethod()[pri:0, instance:TestCases.LoginTest@2d710f1a]" started-at="2024-10-15T21:29:44 IST" name="beforeMethod" finished-at="2024-10-15T21:29:44 IST" duration-ms="0" status="PASS">
          <reporter-output>
          </reporter-output>
        </test-method> <!-- beforeMethod -->
        <test-method signature="login(java.lang.String,java.lang.String)[pri:0, instance:TestCases.LoginTest@2d710f1a]" started-at="2024-10-15T21:29:44 IST" name="login" data-provider="logindata" finished-at="2024-10-15T21:29:47 IST" duration-ms="2617" status="PASS">
          <params>
            <param index="0">
              <value>
                <![CDATA[Tarun]]>
              </value>
            </param>
            <param index="1">
              <value>
                <![CDATA[Taru 456]]>
              </value>
            </param>
          </params>
          <reporter-output>
          </reporter-output>
        </test-method> <!-- login -->
        <test-method is-config="true" signature="tearDownMethod(org.testng.ITestResult)[pri:0, instance:TestCases.LoginTest@2d710f1a]" started-at="2024-10-15T21:29:47 IST" name="tearDownMethod" finished-at="2024-10-15T21:29:47 IST" duration-ms="0" status="PASS">
          <params>
            <param index="0">
              <value>
                <![CDATA[[TestResult name=login status=SUCCESS method=LoginTest.login(java.lang.String,java.lang.String)[pri:0, instance:TestCases.LoginTest@2d710f1a] output={null}]]]>
              </value>
            </param>
          </params>
          <reporter-output>
          </reporter-output>
        </test-method> <!-- tearDownMethod -->
        <test-method is-config="true" signature="teardown()[pri:0, instance:TestCases.LoginTest@2d710f1a]" started-at="2024-10-15T21:29:47 IST" name="teardown" finished-at="2024-10-15T21:29:47 IST" duration-ms="377" status="PASS">
          <reporter-output>
          </reporter-output>
        </test-method> <!-- teardown -->
        <test-method is-config="true" signature="aftertest()[pri:0, instance:TestCases.LoginTest@2d710f1a]" started-at="2024-10-15T21:29:47 IST" name="aftertest" finished-at="2024-10-15T21:29:48 IST" duration-ms="397" status="PASS">
          <reporter-output>
          </reporter-output>
        </test-method> <!-- aftertest -->
      </class> <!-- TestCases.LoginTest -->
    </test> <!-- Test -->
  </suite> <!-- Suite -->
</testng-results>
